#
# There is insufficient memory for the Java Runtime Environment to continue.
# Native memory allocation (malloc) failed to allocate 1048576 bytes for AllocateHeap
# Possible reasons:
#   The system is out of physical RAM or swap space
#   The process is running with CompressedOops enabled, and the Java Heap may be blocking the growth of the native heap
# Possible solutions:
#   Reduce memory load on the system
#   Increase physical memory or swap space
#   Check if swap backing store is full
#   Decrease Java heap size (-Xmx/-Xms)
#   Decrease number of Java threads
#   Decrease Java thread stack sizes (-Xss)
#   Set larger code cache with -XX:ReservedCodeCacheSize=
#   JVM is running with Unscaled Compressed Oops mode in which the Java heap is
#     placed in the first 4GB address space. The Java Heap base address is the
#     maximum limit for the native heap growth. Please use -XX:HeapBaseMinAddress
#     to set the Java Heap base and to place the Java Heap above 4GB virtual address.
# This output file may be truncated or incomplete.
#
#  Out of Memory Error (memory/allocation.inline.hpp:61), pid=12876, tid=0x00000000000014b4
#
# JRE version:  (8.0_211-b12) (build )
# Java VM: Java HotSpot(TM) 64-Bit Server VM (25.211-b12 mixed mode windows-amd64 compressed oops)
# Failed to write core dump. Minidumps are not enabled by default on client versions of Windows
#

---------------  T H R E A D  ---------------

Current thread (0x000000000439d800):  JavaThread "Unknown thread" [_thread_in_vm, id=5300, stack(0x0000000004410000,0x0000000004510000)]

Stack: [0x0000000004410000,0x0000000004510000]
[error occurred during error reporting (printing stack bounds), id 0xc0000005]

Native frames: (J=compiled Java code, j=interpreted, Vv=VM code, C=native code)


---------------  P R O C E S S  ---------------

Java Threads: ( => current thread )

Other Threads:

=>0x000000000439d800 (exited) JavaThread "Unknown thread" [_thread_in_vm, id=5300, stack(0x0000000004410000,0x0000000004510000)]

VM state:not at safepoint (normal execution)

VM Mutex/Monitor currently owned by a thread: None

heap address: 0x00000000c1600000, size: 1002 MB, Compressed Oops mode: 32-bit
Narrow klass base: 0x0000000000000000, Narrow klass shift: 3
Compressed class space size: 1073741824 Address: 0x0000000100000000

Heap:
 PSYoungGen      total 18944K, used 327K [0x00000000eb200000, 0x00000000ec700000, 0x0000000100000000)
  eden space 16384K, 2% used [0x00000000eb200000,0x00000000eb251ec8,0x00000000ec200000)
  from space 2560K, 0% used [0x00000000ec480000,0x00000000ec480000,0x00000000ec700000)
  to   space 2560K, 0% used [0x00000000ec200000,0x00000000ec200000,0x00000000ec480000)
 ParOldGen       total 44032K, used 0K [0x00000000c1600000, 0x00000000c4100000, 0x00000000eb200000)
  object space 44032K, 0% used [0x00000000c1600000,0x00000000c1600000,0x00000000c4100000)
 Metaspace       used 751K, capacity 4480K, committed 4480K, reserved 1056768K
  class space    used 76K, capacity 384K, committed 384K, reserved 1048576K

Card table byte_map: [0x00000000139d0000,0x0000000013bd0000] byte_map_base: 0x00000000133c5000

Marking Bits: (ParMarkBitMap*) 0x000000006c545ce0
 Begin Bits: [0x0000000014120000, 0x00000000150c8000)
 End Bits:   [0x00000000150c8000, 0x0000000016070000)

Polling page: 0x00000000003f0000

CodeCache: size=245760Kb used=328Kb max_used=328Kb free=245431Kb
 bounds [0x0000000004610000, 0x0000000004880000, 0x0000000013610000]
 total_blobs=58 nmethods=0 adapters=38
 compilation: enabled

Compilation events (0 events):
No events

GC Heap History (0 events):
No events

Deoptimization events (0 events):
No events

Classes redefined (0 events):
No events

Internal exceptions (0 events):
No events

Events (10 events):
Event: 0.019 loading class java/lang/Short
Event: 0.019 loading class java/lang/Short done
Event: 0.019 loading class java/lang/Integer
Event: 0.019 loading class java/lang/Integer done
Event: 0.019 loading class java/lang/Long
Event: 0.019 loading class java/lang/Long done
Event: 0.019 loading class java/lang/NullPointerException
Event: 0.019 loading class java/lang/NullPointerException done
Event: 0.019 loading class java/lang/ArithmeticException
Event: 0.019 loading class java/lang/ArithmeticException done


Dynamic libraries:
0x00007ff79b7e0000 - 0x00007ff79b817000 	C:\Program Files\Java\jre1.8.0_211\bin\javaw.exe
0x00007ff99a390000 - 0x00007ff99a570000 	C:\Windows\SYSTEM32\ntdll.dll
0x00007ff998860000 - 0x00007ff99890e000 	C:\Windows\System32\KERNEL32.DLL
0x00007ff9968c0000 - 0x00007ff996b26000 	C:\Windows\System32\KERNELBASE.dll
0x00007ff998310000 - 0x00007ff9983b1000 	C:\Windows\System32\ADVAPI32.dll
0x00007ff997910000 - 0x00007ff9979ad000 	C:\Windows\System32\msvcrt.dll
0x00007ff9989e0000 - 0x00007ff998a3b000 	C:\Windows\System32\sechost.dll
0x00007ff998430000 - 0x00007ff99854f000 	C:\Windows\System32\RPCRT4.dll
0x00007ff9980e0000 - 0x00007ff99826f000 	C:\Windows\System32\USER32.dll
0x00007ff996d50000 - 0x00007ff996d70000 	C:\Windows\System32\win32u.dll
0x00007ff99a320000 - 0x00007ff99a348000 	C:\Windows\System32\GDI32.dll
0x00007ff996d70000 - 0x00007ff996f03000 	C:\Windows\System32\gdi32full.dll
0x00007ff996f10000 - 0x00007ff996fab000 	C:\Windows\System32\msvcp_win.dll
0x00007ff997700000 - 0x00007ff9977f6000 	C:\Windows\System32\ucrtbase.dll
0x00007ff986b70000 - 0x00007ff986dd9000 	C:\Windows\WinSxS\amd64_microsoft.windows.common-controls_6595b64144ccf1df_6.0.16299.125_none_15cbcf8893620c09\COMCTL32.dll
0x00007ff998550000 - 0x00007ff998858000 	C:\Windows\System32\combase.dll
0x00007ff996790000 - 0x00007ff996802000 	C:\Windows\System32\bcryptPrimitives.dll
0x00007ff9982e0000 - 0x00007ff99830d000 	C:\Windows\System32\IMM32.DLL
0x000000006b2b0000 - 0x000000006b382000 	C:\Program Files\Java\jre1.8.0_211\bin\msvcr100.dll
0x000000006bd20000 - 0x000000006c5c5000 	C:\Program Files\Java\jre1.8.0_211\bin\server\jvm.dll
0x00007ff9979d0000 - 0x00007ff9979d8000 	C:\Windows\System32\PSAPI.DLL
0x00007ff989eb0000 - 0x00007ff989eba000 	C:\Windows\SYSTEM32\VERSION.dll
0x00007ff992f60000 - 0x00007ff992f83000 	C:\Windows\SYSTEM32\WINMM.dll
0x00007ff9918f0000 - 0x00007ff9918f9000 	C:\Windows\SYSTEM32\WSOCK32.dll
0x00007ff998270000 - 0x00007ff9982dc000 	C:\Windows\System32\WS2_32.dll
0x00007ff992ef0000 - 0x00007ff992f1a000 	C:\Windows\SYSTEM32\winmmbase.dll
0x00007ff996d00000 - 0x00007ff996d4a000 	C:\Windows\System32\cfgmgr32.dll
0x00007ff98cfb0000 - 0x00007ff98cfbf000 	C:\Program Files\Java\jre1.8.0_211\bin\verify.dll
0x00007ff9784c0000 - 0x00007ff9784e9000 	C:\Program Files\Java\jre1.8.0_211\bin\java.dll
0x00007ff98acf0000 - 0x00007ff98ad06000 	C:\Program Files\Java\jre1.8.0_211\bin\zip.dll

VM Arguments:
jvm_args: -Dfile.encoding=UTF-8 
java_command: Swing.FormLopHocView
java_class_path (initial): C:\Users\HP\workspace\MVCduanjavaswing\bin;C:\Users\HP\Desktop\mysql-connector-java-8.0.16\mysql-connector-java-8.0.16\mysql-connector-java-8.0.16.jar
Launcher Type: SUN_STANDARD

Environment Variables:
PATH=C:/Program Files/Java/jre1.8.0_211/bin/server;C:/Program Files/Java/jre1.8.0_211/bin;C:/Program Files/Java/jre1.8.0_211/lib/amd64;C:\Program Files (x86)\Common Files\Oracle\Java\javapath;C:\Windows\system32;C:\Windows;C:\Windows\System32\Wbem;C:\Windows\System32\WindowsPowerShell\v1.0\;C:\Program Files\Java\jdk1.8.0_201\bin;C:\Users\HP\AppData\Local\Microsoft\WindowsApps;;C:\Users\HP\Desktop\eclipse-jee-mars-R-win32-x86_64\eclipse;
USERNAME=HP
OS=Windows_NT
PROCESSOR_IDENTIFIER=Intel64 Family 6 Model 60 Stepping 3, GenuineIntel



---------------  S Y S T E M  ---------------

OS: Windows 10.0 , 64 bit Build 16299 (10.0.16299.15)

CPU:total 4 (initial active 4) (2 cores per cpu, 2 threads per core) family 6 model 60 stepping 3, cmov, cx8, fxsr, mmx, sse, sse2, sse3, ssse3, sse4.1, sse4.2, popcnt, avx, avx2, aes, clmul, erms, lzcnt, ht, tsc, tscinvbit, bmi1, bmi2

Memory: 4k page, physical 4097468k(127180k free), swap 11891640k(6032k free)

vm_info: Java HotSpot(TM) 64-Bit Server VM (25.211-b12) for windows-amd64 JRE (1.8.0_211-b12), built on Apr  1 2019 20:53:26 by "java_re" with MS VC++ 10.0 (VS2010)

time: Wed Jun 19 15:59:26 2019
timezone: SE Asia Standard Time
elapsed time: 0 seconds (0d 0h 0m 0s)

