#
# There is insufficient memory for the Java Runtime Environment to continue.
# Native memory allocation (malloc) failed to allocate 32744 bytes for ChunkPool::allocate
# Possible reasons:
#   The system is out of physical RAM or swap space
#   The process is running with CompressedOops enabled, and the Java Heap may be blocking the growth of the native heap
# Possible solutions:
#   Reduce memory load on the system
#   Increase physical memory or swap space
#   Check if swap backing store is full
#   Decrease Java heap size (-Xmx/-Xms)
#   Decrease number of Java threads
#   Decrease Java thread stack sizes (-Xss)
#   Set larger code cache with -XX:ReservedCodeCacheSize=
#   JVM is running with Unscaled Compressed Oops mode in which the Java heap is
#     placed in the first 4GB address space. The Java Heap base address is the
#     maximum limit for the native heap growth. Please use -XX:HeapBaseMinAddress
#     to set the Java Heap base and to place the Java Heap above 4GB virtual address.
# This output file may be truncated or incomplete.
#
#  Out of Memory Error (allocation.cpp:273), pid=5416, tid=0x00000000000042cc
#
# JRE version: Java(TM) SE Runtime Environment (8.0_201-b09) (build 1.8.0_201-b09)
# Java VM: Java HotSpot(TM) 64-Bit Server VM (25.201-b09 mixed mode windows-amd64 compressed oops)
# Failed to write core dump. Minidumps are not enabled by default on client versions of Windows
#

---------------  T H R E A D  ---------------

Current thread (0x000000000358d800):  JavaThread "main" [_thread_in_vm, id=17100, stack(0x0000000004e10000,0x0000000004f10000)]

Stack: [0x0000000004e10000,0x0000000004f10000]
[error occurred during error reporting (printing stack bounds), id 0xc0000005]

Native frames: (J=compiled Java code, j=interpreted, Vv=VM code, C=native code)


---------------  P R O C E S S  ---------------

Java Threads: ( => current thread )
  0x00000000175de800 JavaThread "C1 CompilerThread2" daemon [_thread_blocked, id=6072, stack(0x0000000018e30000,0x0000000018f30000)]
  0x00000000175d5800 JavaThread "C2 CompilerThread1" daemon [_thread_blocked, id=5448, stack(0x0000000018d30000,0x0000000018e30000)]
  0x00000000175cf800 JavaThread "C2 CompilerThread0" daemon [_thread_in_vm, id=9424, stack(0x0000000018c30000,0x0000000018d30000)]
  0x00000000175cb000 JavaThread "Attach Listener" daemon [_thread_blocked, id=13888, stack(0x0000000018b30000,0x0000000018c30000)]
  0x00000000175c9800 JavaThread "Signal Dispatcher" daemon [_thread_blocked, id=12824, stack(0x0000000018a30000,0x0000000018b30000)]
  0x000000000500b000 JavaThread "Finalizer" daemon [_thread_blocked, id=7108, stack(0x0000000018840000,0x0000000018940000)]
  0x0000000005000800 JavaThread "Reference Handler" daemon [_thread_blocked, id=15728, stack(0x0000000018740000,0x0000000018840000)]
=>0x000000000358d800 JavaThread "main" [_thread_in_vm, id=17100, stack(0x0000000004e10000,0x0000000004f10000)]

Other Threads:
  0x0000000017597800 VMThread [stack: 0x0000000018640000,0x0000000018740000] [id=2284]

VM state:not at safepoint (normal execution)

VM Mutex/Monitor currently owned by a thread: None

heap address: 0x00000000c1e00000, size: 994 MB, Compressed Oops mode: 32-bit
Narrow klass base: 0x0000000000000000, Narrow klass shift: 3
Compressed class space size: 1073741824 Address: 0x0000000100000000

Heap:
 PSYoungGen      total 18944K, used 327K [0x00000000eb500000, 0x00000000eca00000, 0x0000000100000000)
  eden space 16384K, 2% used [0x00000000eb500000,0x00000000eb551ec8,0x00000000ec500000)
  from space 2560K, 0% used [0x00000000ec780000,0x00000000ec780000,0x00000000eca00000)
  to   space 2560K, 0% used [0x00000000ec500000,0x00000000ec500000,0x00000000ec780000)
 ParOldGen       total 44032K, used 0K [0x00000000c1e00000, 0x00000000c4900000, 0x00000000eb500000)
  object space 44032K, 0% used [0x00000000c1e00000,0x00000000c1e00000,0x00000000c4900000)
 Metaspace       used 2029K, capacity 4480K, committed 4480K, reserved 1056768K
  class space    used 228K, capacity 384K, committed 384K, reserved 1048576K

Card table byte_map: [0x00000000143d0000,0x00000000145d0000] byte_map_base: 0x0000000013dc1000

Marking Bits: (ParMarkBitMap*) 0x0000000053ca4ce0
 Begin Bits: [0x0000000014b20000, 0x0000000015aa8000)
 End Bits:   [0x0000000015aa8000, 0x0000000016a30000)

Polling page: 0x0000000003570000

CodeCache: size=245760Kb used=1022Kb max_used=1033Kb free=244737Kb
 bounds [0x0000000005010000, 0x0000000005280000, 0x0000000014010000]
 total_blobs=206 nmethods=0 adapters=126
 compilation: enabled

Compilation events (0 events):
No events

GC Heap History (0 events):
No events

Deoptimization events (0 events):
No events

Classes redefined (0 events):
No events

Internal exceptions (2 events):
Event: 0.031 Thread 0x000000000358d800 Exception <a 'java/lang/NoSuchMethodError': Method sun.misc.Unsafe.defineClass(Ljava/lang/String;[BII)Ljava/lang/Class; name or signature does not match> (0x00000000eb507cb0) thrown at [C:\re\workspace\8-2-build-windows-amd64-cygwin\jdk8u201\12322\hotspot
Event: 0.031 Thread 0x000000000358d800 Exception <a 'java/lang/NoSuchMethodError': Method sun.misc.Unsafe.prefetchRead(Ljava/lang/Object;J)V name or signature does not match> (0x00000000eb507f98) thrown at [C:\re\workspace\8-2-build-windows-amd64-cygwin\jdk8u201\12322\hotspot\src\share\vm\prim

Events (10 events):
Event: 0.099 loading class sun/net/www/protocol/jar/Handler done
Event: 0.099 loading class sun/misc/Launcher$AppClassLoader$1
Event: 0.099 loading class sun/misc/Launcher$AppClassLoader$1 done
Event: 0.100 loading class java/lang/SystemClassLoaderAction
Event: 0.101 loading class java/lang/SystemClassLoaderAction done
Event: 0.101 Thread 0x00000000175c9800 Thread added: 0x00000000175c9800
Event: 0.101 Thread 0x00000000175cb000 Thread added: 0x00000000175cb000
Event: 0.101 Thread 0x00000000175cf800 Thread added: 0x00000000175cf800
Event: 0.101 Thread 0x00000000175d5800 Thread added: 0x00000000175d5800
Event: 0.101 Thread 0x00000000175de800 Thread added: 0x00000000175de800


Dynamic libraries:
0x00007ff69c850000 - 0x00007ff69c887000 	C:\Program Files\Java\jre1.8.0_201\bin\javaw.exe
0x00007ffaa8fd0000 - 0x00007ffaa91b0000 	C:\Windows\SYSTEM32\ntdll.dll
0x00007ffaa6550000 - 0x00007ffaa65fe000 	C:\Windows\System32\KERNEL32.DLL
0x00007ffaa53d0000 - 0x00007ffaa5636000 	C:\Windows\System32\KERNELBASE.dll
0x00007ffaa64a0000 - 0x00007ffaa6541000 	C:\Windows\System32\ADVAPI32.dll
0x00007ffaa8d20000 - 0x00007ffaa8dbd000 	C:\Windows\System32\msvcrt.dll
0x00007ffaa8f40000 - 0x00007ffaa8f9b000 	C:\Windows\System32\sechost.dll
0x00007ffaa7b50000 - 0x00007ffaa7c6f000 	C:\Windows\System32\RPCRT4.dll
0x00007ffaa8b90000 - 0x00007ffaa8d1f000 	C:\Windows\System32\USER32.dll
0x00007ffaa5640000 - 0x00007ffaa5660000 	C:\Windows\System32\win32u.dll
0x00007ffaa7ac0000 - 0x00007ffaa7ae8000 	C:\Windows\System32\GDI32.dll
0x00007ffaa59e0000 - 0x00007ffaa5b73000 	C:\Windows\System32\gdi32full.dll
0x00007ffaa5c30000 - 0x00007ffaa5ccb000 	C:\Windows\System32\msvcp_win.dll
0x00007ffaa58e0000 - 0x00007ffaa59d6000 	C:\Windows\System32\ucrtbase.dll
0x00007ffa92c60000 - 0x00007ffa92ec9000 	C:\Windows\WinSxS\amd64_microsoft.windows.common-controls_6595b64144ccf1df_6.0.16299.125_none_15cbcf8893620c09\COMCTL32.dll
0x00007ffaa7d50000 - 0x00007ffaa8058000 	C:\Windows\System32\combase.dll
0x00007ffaa5cd0000 - 0x00007ffaa5d42000 	C:\Windows\System32\bcryptPrimitives.dll
0x00007ffaa8420000 - 0x00007ffaa844d000 	C:\Windows\System32\IMM32.DLL
0x0000000053170000 - 0x0000000053241000 	C:\Program Files\Java\jre1.8.0_201\bin\msvcr100.dll
0x0000000053480000 - 0x0000000053d24000 	C:\Program Files\Java\jre1.8.0_201\bin\server\jvm.dll
0x00007ffaa7c80000 - 0x00007ffaa7c88000 	C:\Windows\System32\PSAPI.DLL
0x00007ffaa0610000 - 0x00007ffaa0619000 	C:\Windows\SYSTEM32\WSOCK32.dll
0x00007ffaa2230000 - 0x00007ffaa2253000 	C:\Windows\SYSTEM32\WINMM.dll
0x00007ffaa81d0000 - 0x00007ffaa823c000 	C:\Windows\System32\WS2_32.dll
0x00007ffa9ac20000 - 0x00007ffa9ac2a000 	C:\Windows\SYSTEM32\VERSION.dll
0x00007ffaa21d0000 - 0x00007ffaa21fa000 	C:\Windows\SYSTEM32\WINMMBASE.dll
0x00007ffaa5830000 - 0x00007ffaa587a000 	C:\Windows\System32\cfgmgr32.dll
0x00007ffaa05d0000 - 0x00007ffaa05df000 	C:\Program Files\Java\jre1.8.0_201\bin\verify.dll
0x00007ffa9ed60000 - 0x00007ffa9ed89000 	C:\Program Files\Java\jre1.8.0_201\bin\java.dll
0x00007ffaa05b0000 - 0x00007ffaa05c6000 	C:\Program Files\Java\jre1.8.0_201\bin\zip.dll
0x00007ffaa6600000 - 0x00007ffaa7a36000 	C:\Windows\System32\SHELL32.dll
0x00007ffaa8e90000 - 0x00007ffaa8f36000 	C:\Windows\System32\shcore.dll
0x00007ffaa5d50000 - 0x00007ffaa6497000 	C:\Windows\System32\windows.storage.dll
0x00007ffaa7cf0000 - 0x00007ffaa7d41000 	C:\Windows\System32\shlwapi.dll
0x00007ffaa5340000 - 0x00007ffaa5351000 	C:\Windows\System32\kernel.appcore.dll
0x00007ffaa5380000 - 0x00007ffaa53cc000 	C:\Windows\System32\powrprof.dll
0x00007ffaa5320000 - 0x00007ffaa533b000 	C:\Windows\System32\profapi.dll

VM Arguments:
jvm_args: -Dfile.encoding=UTF-8 
java_command: Giaodien
java_class_path (initial): C:\Users\HP\eclipse-workspace\Duan\bin;D:\mysql-connector-java-8.0.16\mysql-connector-java-8.0.16.jar
Launcher Type: SUN_STANDARD

Environment Variables:
PATH=C:/Program Files/Java/jre1.8.0_201/bin/server;C:/Program Files/Java/jre1.8.0_201/bin;C:/Program Files/Java/jre1.8.0_201/lib/amd64;C:\Program Files (x86)\Common Files\Oracle\Java\javapath;C:\Windows\system32;C:\Windows;C:\Windows\System32\Wbem;C:\Windows\System32\WindowsPowerShell\v1.0\;C:\Users\HP\AppData\Local\Microsoft\WindowsApps;C:\Program Files\Java\jdk1.8.0_201\bin;;C:\Users\HP\Downloads\Compressed\eclipse;
USERNAME=HP
OS=Windows_NT
PROCESSOR_IDENTIFIER=Intel64 Family 6 Model 58 Stepping 9, GenuineIntel



---------------  S Y S T E M  ---------------

OS: Windows 10.0 , 64 bit Build 16299 (10.0.16299.15)

CPU:total 4 (initial active 4) (2 cores per cpu, 2 threads per core) family 6 model 58 stepping 9, cmov, cx8, fxsr, mmx, sse, sse2, sse3, ssse3, sse4.1, sse4.2, popcnt, avx, aes, clmul, erms, ht, tsc, tscinvbit, tscinv

Memory: 4k page, physical 4066664k(259696k free), swap 14509796k(4092k free)

vm_info: Java HotSpot(TM) 64-Bit Server VM (25.201-b09) for windows-amd64 JRE (1.8.0_201-b09), built on Dec 15 2018 18:36:39 by "java_re" with MS VC++ 10.0 (VS2010)

time: Wed Jun 12 00:27:04 2019
timezone: Pacific Daylight Time
elapsed time: 0 seconds (0d 0h 0m 0s)

