#
# There is insufficient memory for the Java Runtime Environment to continue.
# Native memory allocation (malloc) failed to allocate 32744 bytes for ChunkPool::allocate
# Possible reasons:
#   The system is out of physical RAM or swap space
#   The process is running with CompressedOops enabled, and the Java Heap may be blocking the growth of the native heap
# Possible solutions:
#   Reduce memory load on the system
#   Increase physical memory or swap space
#   Check if swap backing store is full
#   Decrease Java heap size (-Xmx/-Xms)
#   Decrease number of Java threads
#   Decrease Java thread stack sizes (-Xss)
#   Set larger code cache with -XX:ReservedCodeCacheSize=
#   JVM is running with Unscaled Compressed Oops mode in which the Java heap is
#     placed in the first 4GB address space. The Java Heap base address is the
#     maximum limit for the native heap growth. Please use -XX:HeapBaseMinAddress
#     to set the Java Heap base and to place the Java Heap above 4GB virtual address.
# This output file may be truncated or incomplete.
#
#  Out of Memory Error (allocation.cpp:273), pid=3952, tid=0x0000000000000a90
#
# JRE version: Java(TM) SE Runtime Environment (8.0_201-b09) (build 1.8.0_201-b09)
# Java VM: Java HotSpot(TM) 64-Bit Server VM (25.201-b09 mixed mode windows-amd64 compressed oops)
# Failed to write core dump. Minidumps are not enabled by default on client versions of Windows
#

---------------  T H R E A D  ---------------

Current thread (0x0000000016cdf000):  JavaThread "C2 CompilerThread0" daemon [_thread_in_native, id=2704, stack(0x0000000018320000,0x0000000018420000)]

Stack: [0x0000000018320000,0x0000000018420000]
[error occurred during error reporting (printing stack bounds), id 0xc0000005]

Native frames: (J=compiled Java code, j=interpreted, Vv=VM code, C=native code)


Current CompileTask:
C2:    223  173       4       java.lang.AbstractStringBuilder::ensureCapacityInternal (27 bytes)


---------------  P R O C E S S  ---------------

Java Threads: ( => current thread )
  0x000000001865e000 JavaThread "Service Thread" daemon [_thread_blocked, id=8596, stack(0x0000000018a20000,0x0000000018b20000)]
  0x0000000016cf0800 JavaThread "C1 CompilerThread2" daemon [_thread_blocked, id=8088, stack(0x0000000018520000,0x0000000018620000)]
  0x0000000016ce3000 JavaThread "C2 CompilerThread1" daemon [_thread_blocked, id=13408, stack(0x0000000018420000,0x0000000018520000)]
=>0x0000000016cdf000 JavaThread "C2 CompilerThread0" daemon [_thread_in_native, id=2704, stack(0x0000000018320000,0x0000000018420000)]
  0x0000000016cda800 JavaThread "Attach Listener" daemon [_thread_blocked, id=6216, stack(0x0000000018220000,0x0000000018320000)]
  0x0000000016cd9000 JavaThread "Signal Dispatcher" daemon [_thread_blocked, id=6056, stack(0x0000000018120000,0x0000000018220000)]
  0x0000000016cca800 JavaThread "Finalizer" daemon [_thread_blocked, id=16744, stack(0x0000000017f30000,0x0000000018030000)]
  0x0000000004710000 JavaThread "Reference Handler" daemon [_thread_blocked, id=15596, stack(0x0000000017e30000,0x0000000017f30000)]
  0x0000000002c8d800 JavaThread "main" [_thread_in_native, id=16944, stack(0x00000000044d0000,0x00000000045d0000)]

Other Threads:
  0x0000000016ca7800 VMThread [stack: 0x0000000017d30000,0x0000000017e30000] [id=5700]
  0x000000001865f000 WatcherThread [stack: 0x0000000018b20000,0x0000000018c20000] [id=15292]

VM state:not at safepoint (normal execution)

VM Mutex/Monitor currently owned by a thread: None

heap address: 0x00000000c1e00000, size: 994 MB, Compressed Oops mode: 32-bit
Narrow klass base: 0x0000000000000000, Narrow klass shift: 3
Compressed class space size: 1073741824 Address: 0x0000000100000000

Heap:
 PSYoungGen      total 18944K, used 983K [0x00000000eb500000, 0x00000000eca00000, 0x0000000100000000)
  eden space 16384K, 6% used [0x00000000eb500000,0x00000000eb5f5cb8,0x00000000ec500000)
  from space 2560K, 0% used [0x00000000ec500000,0x00000000ec500000,0x00000000ec780000)
  to   space 2560K, 0% used [0x00000000ec780000,0x00000000ec780000,0x00000000eca00000)
 ParOldGen       total 31232K, used 495K [0x00000000c1e00000, 0x00000000c3c80000, 0x00000000eb500000)
  object space 31232K, 1% used [0x00000000c1e00000,0x00000000c1e7bec8,0x00000000c3c80000)
 Metaspace       used 5118K, capacity 5215K, committed 5376K, reserved 1056768K
  class space    used 596K, capacity 659K, committed 768K, reserved 1048576K

Card table byte_map: [0x0000000013ae0000,0x0000000013ce0000] byte_map_base: 0x00000000134d1000

Marking Bits: (ParMarkBitMap*) 0x0000000053ca4ce0
 Begin Bits: [0x0000000014230000, 0x00000000151b8000)
 End Bits:   [0x00000000151b8000, 0x0000000016140000)

Polling page: 0x00000000003f0000

CodeCache: size=245760Kb used=1505Kb max_used=1505Kb free=244254Kb
 bounds [0x0000000004720000, 0x0000000004990000, 0x0000000013720000]
 total_blobs=533 nmethods=213 adapters=233
 compilation: enabled

Compilation events (10 events):
Event: 0.155 Thread 0x0000000016cf0800 nmethod 145 0x0000000004864910 code [0x0000000004864aa0, 0x0000000004864fa8]
Event: 0.155 Thread 0x0000000016cf0800  148       3       java.lang.invoke.LambdaForm::argument (27 bytes)
Event: 0.156 Thread 0x0000000016cf0800 nmethod 148 0x0000000004865190 code [0x0000000004865320, 0x0000000004865688]
Event: 0.156 Thread 0x0000000016cf0800  152       3       java.util.Arrays$ArrayList::size (6 bytes)
Event: 0.156 Thread 0x0000000016cf0800 nmethod 152 0x0000000004865890 code [0x00000000048659e0, 0x0000000004865b30]
Event: 0.156 Thread 0x0000000016cf0800  153       3       java.lang.invoke.InvokerBytecodeGenerator::isStaticallyNameable (116 bytes)
Event: 0.158 Thread 0x0000000016cf0800 nmethod 153 0x00000000048661d0 code [0x0000000004866540, 0x0000000004868618]
Event: 0.158 Thread 0x0000000016cf0800  161       3       jdk.internal.org.objectweb.asm.Frame::execute (2252 bytes)
Event: 0.163 Thread 0x0000000016ce3000  171       4       jdk.internal.org.objectweb.asm.ByteVector::putUTF8 (142 bytes)
Event: 0.166 Thread 0x0000000016cdf000  173       4       java.lang.AbstractStringBuilder::ensureCapacityInternal (27 bytes)

GC Heap History (0 events):
No events

Deoptimization events (0 events):
No events

Classes redefined (0 events):
No events

Internal exceptions (8 events):
Event: 0.030 Thread 0x0000000002c8d800 Exception <a 'java/lang/NoSuchMethodError': Method sun.misc.Unsafe.defineClass(Ljava/lang/String;[BII)Ljava/lang/Class; name or signature does not match> (0x00000000eb507cb0) thrown at [C:\re\workspace\8-2-build-windows-amd64-cygwin\jdk8u201\12322\hotspot
Event: 0.030 Thread 0x0000000002c8d800 Exception <a 'java/lang/NoSuchMethodError': Method sun.misc.Unsafe.prefetchRead(Ljava/lang/Object;J)V name or signature does not match> (0x00000000eb507f98) thrown at [C:\re\workspace\8-2-build-windows-amd64-cygwin\jdk8u201\12322\hotspot\src\share\vm\prim
Event: 0.105 Thread 0x0000000002c8d800 Exception <a 'java/security/PrivilegedActionException'> (0x00000000eb57ee80) thrown at [C:\re\workspace\8-2-build-windows-amd64-cygwin\jdk8u201\12322\hotspot\src\share\vm\prims\jvm.cpp, line 1502]
Event: 0.105 Thread 0x0000000002c8d800 Exception <a 'java/security/PrivilegedActionException'> (0x00000000eb57f090) thrown at [C:\re\workspace\8-2-build-windows-amd64-cygwin\jdk8u201\12322\hotspot\src\share\vm\prims\jvm.cpp, line 1502]
Event: 0.106 Thread 0x0000000002c8d800 Exception <a 'java/security/PrivilegedActionException'> (0x00000000eb582d00) thrown at [C:\re\workspace\8-2-build-windows-amd64-cygwin\jdk8u201\12322\hotspot\src\share\vm\prims\jvm.cpp, line 1502]
Event: 0.106 Thread 0x0000000002c8d800 Exception <a 'java/security/PrivilegedActionException'> (0x00000000eb582f10) thrown at [C:\re\workspace\8-2-build-windows-amd64-cygwin\jdk8u201\12322\hotspot\src\share\vm\prims\jvm.cpp, line 1502]
Event: 0.110 Thread 0x0000000002c8d800 Exception <a 'java/io/FileNotFoundException'> (0x00000000eb5850e0) thrown at [C:\re\workspace\8-2-build-windows-amd64-cygwin\jdk8u201\12322\hotspot\src\share\vm\prims\jni.cpp, line 709]
Event: 0.161 Thread 0x0000000002c8d800 Exception <a 'java/lang/NoSuchFieldError': method resolution failed> (0x00000000eb6a8948) thrown at [C:\re\workspace\8-2-build-windows-amd64-cygwin\jdk8u201\12322\hotspot\src\share\vm\prims\methodHandles.cpp, line 1167]

Events (10 events):
Event: 0.142 loading class java/lang/invoke/WrongMethodTypeException
Event: 0.142 loading class java/lang/invoke/WrongMethodTypeException done
Event: 0.145 loading class java/lang/invoke/MethodHandleImpl$Lazy
Event: 0.145 loading class java/lang/invoke/MethodHandleImpl$Lazy done
Event: 0.145 loading class java/lang/invoke/MethodHandleImpl$IntrinsicMethodHandle
Event: 0.145 loading class java/lang/invoke/MethodHandleImpl$IntrinsicMethodHandle done
Event: 0.161 loading class java/lang/NoSuchFieldError
Event: 0.161 loading class java/lang/NoSuchFieldError done
Event: 0.162 loading class java/lang/IllegalAccessException
Event: 0.162 loading class java/lang/IllegalAccessException done


Dynamic libraries:
0x00007ff69c850000 - 0x00007ff69c887000 	C:\Program Files\Java\jre1.8.0_201\bin\javaw.exe
0x00007ffaa8fd0000 - 0x00007ffaa91b0000 	C:\Windows\SYSTEM32\ntdll.dll
0x00007ffaa6550000 - 0x00007ffaa65fe000 	C:\Windows\System32\KERNEL32.DLL
0x00007ffaa53d0000 - 0x00007ffaa5636000 	C:\Windows\System32\KERNELBASE.dll
0x00007ffaa64a0000 - 0x00007ffaa6541000 	C:\Windows\System32\ADVAPI32.dll
0x00007ffaa8d20000 - 0x00007ffaa8dbd000 	C:\Windows\System32\msvcrt.dll
0x00007ffaa8f40000 - 0x00007ffaa8f9b000 	C:\Windows\System32\sechost.dll
0x00007ffaa7b50000 - 0x00007ffaa7c6f000 	C:\Windows\System32\RPCRT4.dll
0x00007ffaa8b90000 - 0x00007ffaa8d1f000 	C:\Windows\System32\USER32.dll
0x00007ffaa5640000 - 0x00007ffaa5660000 	C:\Windows\System32\win32u.dll
0x00007ffaa7ac0000 - 0x00007ffaa7ae8000 	C:\Windows\System32\GDI32.dll
0x00007ffaa59e0000 - 0x00007ffaa5b73000 	C:\Windows\System32\gdi32full.dll
0x00007ffaa5c30000 - 0x00007ffaa5ccb000 	C:\Windows\System32\msvcp_win.dll
0x00007ffaa58e0000 - 0x00007ffaa59d6000 	C:\Windows\System32\ucrtbase.dll
0x00007ffa92c60000 - 0x00007ffa92ec9000 	C:\Windows\WinSxS\amd64_microsoft.windows.common-controls_6595b64144ccf1df_6.0.16299.125_none_15cbcf8893620c09\COMCTL32.dll
0x00007ffaa7d50000 - 0x00007ffaa8058000 	C:\Windows\System32\combase.dll
0x00007ffaa5cd0000 - 0x00007ffaa5d42000 	C:\Windows\System32\bcryptPrimitives.dll
0x00007ffaa8420000 - 0x00007ffaa844d000 	C:\Windows\System32\IMM32.DLL
0x0000000053170000 - 0x0000000053241000 	C:\Program Files\Java\jre1.8.0_201\bin\msvcr100.dll
0x0000000053480000 - 0x0000000053d24000 	C:\Program Files\Java\jre1.8.0_201\bin\server\jvm.dll
0x00007ffaa7c80000 - 0x00007ffaa7c88000 	C:\Windows\System32\PSAPI.DLL
0x00007ffaa2230000 - 0x00007ffaa2253000 	C:\Windows\SYSTEM32\WINMM.dll
0x00007ffaa0610000 - 0x00007ffaa0619000 	C:\Windows\SYSTEM32\WSOCK32.dll
0x00007ffa9ac20000 - 0x00007ffa9ac2a000 	C:\Windows\SYSTEM32\VERSION.dll
0x00007ffaa81d0000 - 0x00007ffaa823c000 	C:\Windows\System32\WS2_32.dll
0x00007ffaa21d0000 - 0x00007ffaa21fa000 	C:\Windows\SYSTEM32\winmmbase.dll
0x00007ffaa5830000 - 0x00007ffaa587a000 	C:\Windows\System32\cfgmgr32.dll
0x00007ffaa05d0000 - 0x00007ffaa05df000 	C:\Program Files\Java\jre1.8.0_201\bin\verify.dll
0x00007ffa9ed60000 - 0x00007ffa9ed89000 	C:\Program Files\Java\jre1.8.0_201\bin\java.dll
0x00007ffaa05b0000 - 0x00007ffaa05c6000 	C:\Program Files\Java\jre1.8.0_201\bin\zip.dll
0x00007ffaa6600000 - 0x00007ffaa7a36000 	C:\Windows\System32\SHELL32.dll
0x00007ffaa8e90000 - 0x00007ffaa8f36000 	C:\Windows\System32\shcore.dll
0x00007ffaa5d50000 - 0x00007ffaa6497000 	C:\Windows\System32\windows.storage.dll
0x00007ffaa7cf0000 - 0x00007ffaa7d41000 	C:\Windows\System32\shlwapi.dll
0x00007ffaa5340000 - 0x00007ffaa5351000 	C:\Windows\System32\kernel.appcore.dll
0x00007ffaa5380000 - 0x00007ffaa53cc000 	C:\Windows\System32\powrprof.dll
0x00007ffaa5320000 - 0x00007ffaa533b000 	C:\Windows\System32\profapi.dll
0x00007ffa82f70000 - 0x00007ffa83109000 	C:\Program Files\Java\jre1.8.0_201\bin\awt.dll
0x00007ffaa8dc0000 - 0x00007ffaa8e85000 	C:\Windows\System32\OLEAUT32.dll
0x00007ffaa39b0000 - 0x00007ffaa3a38000 	C:\Windows\SYSTEM32\apphelp.dll
0x00007ffaa3bd0000 - 0x00007ffaa3bfa000 	C:\Windows\system32\DWMAPI.DLL
0x00007ffaa3b00000 - 0x00007ffaa3b95000 	C:\Windows\system32\uxtheme.dll
0x00007ffa93960000 - 0x00007ffa93a7e000 	C:\Windows\system32\opengl32.dll
0x00007ffa9b160000 - 0x00007ffa9b18c000 	C:\Windows\SYSTEM32\GLU32.dll

VM Arguments:
jvm_args: -Dfile.encoding=UTF-8 
java_command: Giaodien
java_class_path (initial): C:\Users\HP\eclipse-workspace\Duan\bin;D:\mysql-connector-java-8.0.16\mysql-connector-java-8.0.16.jar
Launcher Type: SUN_STANDARD

Environment Variables:
PATH=C:/Program Files/Java/jre1.8.0_201/bin/server;C:/Program Files/Java/jre1.8.0_201/bin;C:/Program Files/Java/jre1.8.0_201/lib/amd64;C:\Program Files (x86)\Common Files\Oracle\Java\javapath;C:\Windows\system32;C:\Windows;C:\Windows\System32\Wbem;C:\Windows\System32\WindowsPowerShell\v1.0\;C:\Users\HP\AppData\Local\Microsoft\WindowsApps;C:\Program Files\Java\jdk1.8.0_201\bin;;C:\Users\HP\Downloads\Compressed\eclipse;
USERNAME=HP
OS=Windows_NT
PROCESSOR_IDENTIFIER=Intel64 Family 6 Model 58 Stepping 9, GenuineIntel



---------------  S Y S T E M  ---------------

OS: Windows 10.0 , 64 bit Build 16299 (10.0.16299.15)

CPU:total 4 (initial active 4) (2 cores per cpu, 2 threads per core) family 6 model 58 stepping 9, cmov, cx8, fxsr, mmx, sse, sse2, sse3, ssse3, sse4.1, sse4.2, popcnt, avx, aes, clmul, erms, ht, tsc, tscinvbit, tscinv

Memory: 4k page, physical 4066664k(249176k free), swap 14509796k(14884k free)

vm_info: Java HotSpot(TM) 64-Bit Server VM (25.201-b09) for windows-amd64 JRE (1.8.0_201-b09), built on Dec 15 2018 18:36:39 by "java_re" with MS VC++ 10.0 (VS2010)

time: Wed Jun 12 00:26:26 2019
timezone: Pacific Daylight Time
elapsed time: 0 seconds (0d 0h 0m 0s)

